<?xml version="1.0" encoding="UTF-8"?>
<testsuite xmlns:xsi="http://www.w3.org/2001/XMLSchema-instance" xsi:noNamespaceSchemaLocation="https://maven.apache.org/surefire/maven-surefire-plugin/xsd/surefire-test-report.xsd" name="com.example.rest_account.HelloControllerTest" time="0.403" tests="1" errors="1" skipped="0" failures="0">
  <properties>
    <property name="gopherProxySet" value="false"/>
    <property name="awt.toolkit" value="sun.lwawt.macosx.LWCToolkit"/>
    <property name="file.encoding.pkg" value="sun.io"/>
    <property name="java.specification.version" value="1.8"/>
    <property name="sun.cpu.isalist" value=""/>
    <property name="sun.jnu.encoding" value="UTF-8"/>
    <property name="java.class.path" value="/Users/Aleksandr_Neznahin/Documents/Проекты/RestAccount/rest-account/target/test-classes:/Users/Aleksandr_Neznahin/Documents/Проекты/RestAccount/rest-account/target/classes:/Users/Aleksandr_Neznahin/.m2/repository/com/h2database/h2/1.4.197/h2-1.4.197.jar:/Users/Aleksandr_Neznahin/.m2/repository/org/projectlombok/lombok/1.14.8/lombok-1.14.8.jar:/Users/Aleksandr_Neznahin/.m2/repository/org/bgee/log4jdbc-log4j2/log4jdbc-log4j2-jdbc4.1/1.16/log4jdbc-log4j2-jdbc4.1-1.16.jar:/Users/Aleksandr_Neznahin/.m2/repository/org/springframework/boot/spring-boot-starter-test/2.1.3.RELEASE/spring-boot-starter-test-2.1.3.RELEASE.jar:/Users/Aleksandr_Neznahin/.m2/repository/org/springframework/boot/spring-boot-starter/2.1.3.RELEASE/spring-boot-starter-2.1.3.RELEASE.jar:/Users/Aleksandr_Neznahin/.m2/repository/org/springframework/boot/spring-boot/2.1.3.RELEASE/spring-boot-2.1.3.RELEASE.jar:/Users/Aleksandr_Neznahin/.m2/repository/org/springframework/spring-context/5.1.5.RELEASE/spring-context-5.1.5.RELEASE.jar:/Users/Aleksandr_Neznahin/.m2/repository/org/springframework/spring-aop/5.1.5.RELEASE/spring-aop-5.1.5.RELEASE.jar:/Users/Aleksandr_Neznahin/.m2/repository/org/springframework/spring-beans/5.1.5.RELEASE/spring-beans-5.1.5.RELEASE.jar:/Users/Aleksandr_Neznahin/.m2/repository/org/springframework/spring-expression/5.1.5.RELEASE/spring-expression-5.1.5.RELEASE.jar:/Users/Aleksandr_Neznahin/.m2/repository/org/springframework/boot/spring-boot-autoconfigure/2.1.3.RELEASE/spring-boot-autoconfigure-2.1.3.RELEASE.jar:/Users/Aleksandr_Neznahin/.m2/repository/org/springframework/boot/spring-boot-starter-logging/2.1.3.RELEASE/spring-boot-starter-logging-2.1.3.RELEASE.jar:/Users/Aleksandr_Neznahin/.m2/repository/ch/qos/logback/logback-classic/1.2.3/logback-classic-1.2.3.jar:/Users/Aleksandr_Neznahin/.m2/repository/ch/qos/logback/logback-core/1.2.3/logback-core-1.2.3.jar:/Users/Aleksandr_Neznahin/.m2/repository/org/apache/logging/log4j/log4j-to-slf4j/2.11.2/log4j-to-slf4j-2.11.2.jar:/Users/Aleksandr_Neznahin/.m2/repository/org/apache/logging/log4j/log4j-api/2.11.2/log4j-api-2.11.2.jar:/Users/Aleksandr_Neznahin/.m2/repository/org/slf4j/jul-to-slf4j/1.7.25/jul-to-slf4j-1.7.25.jar:/Users/Aleksandr_Neznahin/.m2/repository/javax/annotation/javax.annotation-api/1.3.2/javax.annotation-api-1.3.2.jar:/Users/Aleksandr_Neznahin/.m2/repository/org/yaml/snakeyaml/1.23/snakeyaml-1.23.jar:/Users/Aleksandr_Neznahin/.m2/repository/org/springframework/boot/spring-boot-test/2.1.3.RELEASE/spring-boot-test-2.1.3.RELEASE.jar:/Users/Aleksandr_Neznahin/.m2/repository/org/springframework/boot/spring-boot-test-autoconfigure/2.1.3.RELEASE/spring-boot-test-autoconfigure-2.1.3.RELEASE.jar:/Users/Aleksandr_Neznahin/.m2/repository/com/jayway/jsonpath/json-path/2.4.0/json-path-2.4.0.jar:/Users/Aleksandr_Neznahin/.m2/repository/net/minidev/json-smart/2.3/json-smart-2.3.jar:/Users/Aleksandr_Neznahin/.m2/repository/net/minidev/accessors-smart/1.2/accessors-smart-1.2.jar:/Users/Aleksandr_Neznahin/.m2/repository/org/ow2/asm/asm/5.0.4/asm-5.0.4.jar:/Users/Aleksandr_Neznahin/.m2/repository/org/slf4j/slf4j-api/1.7.25/slf4j-api-1.7.25.jar:/Users/Aleksandr_Neznahin/.m2/repository/junit/junit/4.12/junit-4.12.jar:/Users/Aleksandr_Neznahin/.m2/repository/org/assertj/assertj-core/3.11.1/assertj-core-3.11.1.jar:/Users/Aleksandr_Neznahin/.m2/repository/org/mockito/mockito-core/2.23.4/mockito-core-2.23.4.jar:/Users/Aleksandr_Neznahin/.m2/repository/net/bytebuddy/byte-buddy/1.9.10/byte-buddy-1.9.10.jar:/Users/Aleksandr_Neznahin/.m2/repository/net/bytebuddy/byte-buddy-agent/1.9.10/byte-buddy-agent-1.9.10.jar:/Users/Aleksandr_Neznahin/.m2/repository/org/objenesis/objenesis/2.6/objenesis-2.6.jar:/Users/Aleksandr_Neznahin/.m2/repository/org/hamcrest/hamcrest-core/1.3/hamcrest-core-1.3.jar:/Users/Aleksandr_Neznahin/.m2/repository/org/hamcrest/hamcrest-library/1.3/hamcrest-library-1.3.jar:/Users/Aleksandr_Neznahin/.m2/repository/org/skyscreamer/jsonassert/1.5.0/jsonassert-1.5.0.jar:/Users/Aleksandr_Neznahin/.m2/repository/com/vaadin/external/google/android-json/0.0.20131108.vaadin1/android-json-0.0.20131108.vaadin1.jar:/Users/Aleksandr_Neznahin/.m2/repository/org/springframework/spring-core/5.1.5.RELEASE/spring-core-5.1.5.RELEASE.jar:/Users/Aleksandr_Neznahin/.m2/repository/org/springframework/spring-jcl/5.1.5.RELEASE/spring-jcl-5.1.5.RELEASE.jar:/Users/Aleksandr_Neznahin/.m2/repository/org/springframework/spring-test/5.1.5.RELEASE/spring-test-5.1.5.RELEASE.jar:/Users/Aleksandr_Neznahin/.m2/repository/org/xmlunit/xmlunit-core/2.6.2/xmlunit-core-2.6.2.jar:/Users/Aleksandr_Neznahin/.m2/repository/com/jayway/restassured/rest-assured/2.3.3/rest-assured-2.3.3.jar:/Users/Aleksandr_Neznahin/.m2/repository/org/codehaus/groovy/groovy/2.5.6/groovy-2.5.6.jar:/Users/Aleksandr_Neznahin/.m2/repository/org/codehaus/groovy/groovy-xml/2.5.6/groovy-xml-2.5.6.jar:/Users/Aleksandr_Neznahin/.m2/repository/org/apache/httpcomponents/httpclient/4.5.7/httpclient-4.5.7.jar:/Users/Aleksandr_Neznahin/.m2/repository/org/apache/httpcomponents/httpcore/4.4.11/httpcore-4.4.11.jar:/Users/Aleksandr_Neznahin/.m2/repository/commons-codec/commons-codec/1.11/commons-codec-1.11.jar:/Users/Aleksandr_Neznahin/.m2/repository/org/apache/httpcomponents/httpmime/4.5.7/httpmime-4.5.7.jar:/Users/Aleksandr_Neznahin/.m2/repository/org/ccil/cowan/tagsoup/tagsoup/1.2.1/tagsoup-1.2.1.jar:/Users/Aleksandr_Neznahin/.m2/repository/com/jayway/restassured/json-path/2.3.3/json-path-2.3.3.jar:/Users/Aleksandr_Neznahin/.m2/repository/org/codehaus/groovy/groovy-json/2.5.6/groovy-json-2.5.6.jar:/Users/Aleksandr_Neznahin/.m2/repository/com/jayway/restassured/rest-assured-common/2.3.3/rest-assured-common-2.3.3.jar:/Users/Aleksandr_Neznahin/.m2/repository/com/jayway/restassured/xml-path/2.3.3/xml-path-2.3.3.jar:/Users/Aleksandr_Neznahin/.m2/repository/org/apache/commons/commons-lang3/3.8.1/commons-lang3-3.8.1.jar:"/>
    <property name="java.vm.vendor" value="AdoptOpenJDK"/>
    <property name="sun.arch.data.model" value="64"/>
    <property name="java.vendor.url" value="http://java.oracle.com/"/>
    <property name="user.timezone" value=""/>
    <property name="java.vm.specification.version" value="1.8"/>
    <property name="os.name" value="Mac OS X"/>
    <property name="user.country" value="RU"/>
    <property name="sun.java.launcher" value="SUN_STANDARD"/>
    <property name="sun.boot.library.path" value="/Library/Java/JavaVirtualMachines/adoptopenjdk-8.jdk/Contents/Home/jre/lib"/>
    <property name="sun.java.command" value="/Users/Aleksandr_Neznahin/Documents/Проекты/RestAccount/rest-account/target/surefire/surefirebooter4165816407928165204.jar /Users/Aleksandr_Neznahin/Documents/Проекты/RestAccount/rest-account/target/surefire 2019-06-06T22-53-07_932-jvmRun1 surefire1676051876881941627tmp surefire_05472870321732676669tmp"/>
    <property name="http.nonProxyHosts" value="local|*.local|169.254/16|*.169.254/16"/>
    <property name="surefire.test.class.path" value="/Users/Aleksandr_Neznahin/Documents/Проекты/RestAccount/rest-account/target/test-classes:/Users/Aleksandr_Neznahin/Documents/Проекты/RestAccount/rest-account/target/classes:/Users/Aleksandr_Neznahin/.m2/repository/com/h2database/h2/1.4.197/h2-1.4.197.jar:/Users/Aleksandr_Neznahin/.m2/repository/org/projectlombok/lombok/1.14.8/lombok-1.14.8.jar:/Users/Aleksandr_Neznahin/.m2/repository/org/bgee/log4jdbc-log4j2/log4jdbc-log4j2-jdbc4.1/1.16/log4jdbc-log4j2-jdbc4.1-1.16.jar:/Users/Aleksandr_Neznahin/.m2/repository/org/springframework/boot/spring-boot-starter-test/2.1.3.RELEASE/spring-boot-starter-test-2.1.3.RELEASE.jar:/Users/Aleksandr_Neznahin/.m2/repository/org/springframework/boot/spring-boot-starter/2.1.3.RELEASE/spring-boot-starter-2.1.3.RELEASE.jar:/Users/Aleksandr_Neznahin/.m2/repository/org/springframework/boot/spring-boot/2.1.3.RELEASE/spring-boot-2.1.3.RELEASE.jar:/Users/Aleksandr_Neznahin/.m2/repository/org/springframework/spring-context/5.1.5.RELEASE/spring-context-5.1.5.RELEASE.jar:/Users/Aleksandr_Neznahin/.m2/repository/org/springframework/spring-aop/5.1.5.RELEASE/spring-aop-5.1.5.RELEASE.jar:/Users/Aleksandr_Neznahin/.m2/repository/org/springframework/spring-beans/5.1.5.RELEASE/spring-beans-5.1.5.RELEASE.jar:/Users/Aleksandr_Neznahin/.m2/repository/org/springframework/spring-expression/5.1.5.RELEASE/spring-expression-5.1.5.RELEASE.jar:/Users/Aleksandr_Neznahin/.m2/repository/org/springframework/boot/spring-boot-autoconfigure/2.1.3.RELEASE/spring-boot-autoconfigure-2.1.3.RELEASE.jar:/Users/Aleksandr_Neznahin/.m2/repository/org/springframework/boot/spring-boot-starter-logging/2.1.3.RELEASE/spring-boot-starter-logging-2.1.3.RELEASE.jar:/Users/Aleksandr_Neznahin/.m2/repository/ch/qos/logback/logback-classic/1.2.3/logback-classic-1.2.3.jar:/Users/Aleksandr_Neznahin/.m2/repository/ch/qos/logback/logback-core/1.2.3/logback-core-1.2.3.jar:/Users/Aleksandr_Neznahin/.m2/repository/org/apache/logging/log4j/log4j-to-slf4j/2.11.2/log4j-to-slf4j-2.11.2.jar:/Users/Aleksandr_Neznahin/.m2/repository/org/apache/logging/log4j/log4j-api/2.11.2/log4j-api-2.11.2.jar:/Users/Aleksandr_Neznahin/.m2/repository/org/slf4j/jul-to-slf4j/1.7.25/jul-to-slf4j-1.7.25.jar:/Users/Aleksandr_Neznahin/.m2/repository/javax/annotation/javax.annotation-api/1.3.2/javax.annotation-api-1.3.2.jar:/Users/Aleksandr_Neznahin/.m2/repository/org/yaml/snakeyaml/1.23/snakeyaml-1.23.jar:/Users/Aleksandr_Neznahin/.m2/repository/org/springframework/boot/spring-boot-test/2.1.3.RELEASE/spring-boot-test-2.1.3.RELEASE.jar:/Users/Aleksandr_Neznahin/.m2/repository/org/springframework/boot/spring-boot-test-autoconfigure/2.1.3.RELEASE/spring-boot-test-autoconfigure-2.1.3.RELEASE.jar:/Users/Aleksandr_Neznahin/.m2/repository/com/jayway/jsonpath/json-path/2.4.0/json-path-2.4.0.jar:/Users/Aleksandr_Neznahin/.m2/repository/net/minidev/json-smart/2.3/json-smart-2.3.jar:/Users/Aleksandr_Neznahin/.m2/repository/net/minidev/accessors-smart/1.2/accessors-smart-1.2.jar:/Users/Aleksandr_Neznahin/.m2/repository/org/ow2/asm/asm/5.0.4/asm-5.0.4.jar:/Users/Aleksandr_Neznahin/.m2/repository/org/slf4j/slf4j-api/1.7.25/slf4j-api-1.7.25.jar:/Users/Aleksandr_Neznahin/.m2/repository/junit/junit/4.12/junit-4.12.jar:/Users/Aleksandr_Neznahin/.m2/repository/org/assertj/assertj-core/3.11.1/assertj-core-3.11.1.jar:/Users/Aleksandr_Neznahin/.m2/repository/org/mockito/mockito-core/2.23.4/mockito-core-2.23.4.jar:/Users/Aleksandr_Neznahin/.m2/repository/net/bytebuddy/byte-buddy/1.9.10/byte-buddy-1.9.10.jar:/Users/Aleksandr_Neznahin/.m2/repository/net/bytebuddy/byte-buddy-agent/1.9.10/byte-buddy-agent-1.9.10.jar:/Users/Aleksandr_Neznahin/.m2/repository/org/objenesis/objenesis/2.6/objenesis-2.6.jar:/Users/Aleksandr_Neznahin/.m2/repository/org/hamcrest/hamcrest-core/1.3/hamcrest-core-1.3.jar:/Users/Aleksandr_Neznahin/.m2/repository/org/hamcrest/hamcrest-library/1.3/hamcrest-library-1.3.jar:/Users/Aleksandr_Neznahin/.m2/repository/org/skyscreamer/jsonassert/1.5.0/jsonassert-1.5.0.jar:/Users/Aleksandr_Neznahin/.m2/repository/com/vaadin/external/google/android-json/0.0.20131108.vaadin1/android-json-0.0.20131108.vaadin1.jar:/Users/Aleksandr_Neznahin/.m2/repository/org/springframework/spring-core/5.1.5.RELEASE/spring-core-5.1.5.RELEASE.jar:/Users/Aleksandr_Neznahin/.m2/repository/org/springframework/spring-jcl/5.1.5.RELEASE/spring-jcl-5.1.5.RELEASE.jar:/Users/Aleksandr_Neznahin/.m2/repository/org/springframework/spring-test/5.1.5.RELEASE/spring-test-5.1.5.RELEASE.jar:/Users/Aleksandr_Neznahin/.m2/repository/org/xmlunit/xmlunit-core/2.6.2/xmlunit-core-2.6.2.jar:/Users/Aleksandr_Neznahin/.m2/repository/com/jayway/restassured/rest-assured/2.3.3/rest-assured-2.3.3.jar:/Users/Aleksandr_Neznahin/.m2/repository/org/codehaus/groovy/groovy/2.5.6/groovy-2.5.6.jar:/Users/Aleksandr_Neznahin/.m2/repository/org/codehaus/groovy/groovy-xml/2.5.6/groovy-xml-2.5.6.jar:/Users/Aleksandr_Neznahin/.m2/repository/org/apache/httpcomponents/httpclient/4.5.7/httpclient-4.5.7.jar:/Users/Aleksandr_Neznahin/.m2/repository/org/apache/httpcomponents/httpcore/4.4.11/httpcore-4.4.11.jar:/Users/Aleksandr_Neznahin/.m2/repository/commons-codec/commons-codec/1.11/commons-codec-1.11.jar:/Users/Aleksandr_Neznahin/.m2/repository/org/apache/httpcomponents/httpmime/4.5.7/httpmime-4.5.7.jar:/Users/Aleksandr_Neznahin/.m2/repository/org/ccil/cowan/tagsoup/tagsoup/1.2.1/tagsoup-1.2.1.jar:/Users/Aleksandr_Neznahin/.m2/repository/com/jayway/restassured/json-path/2.3.3/json-path-2.3.3.jar:/Users/Aleksandr_Neznahin/.m2/repository/org/codehaus/groovy/groovy-json/2.5.6/groovy-json-2.5.6.jar:/Users/Aleksandr_Neznahin/.m2/repository/com/jayway/restassured/rest-assured-common/2.3.3/rest-assured-common-2.3.3.jar:/Users/Aleksandr_Neznahin/.m2/repository/com/jayway/restassured/xml-path/2.3.3/xml-path-2.3.3.jar:/Users/Aleksandr_Neznahin/.m2/repository/org/apache/commons/commons-lang3/3.8.1/commons-lang3-3.8.1.jar:"/>
    <property name="sun.cpu.endian" value="little"/>
    <property name="user.home" value="/Users/Aleksandr_Neznahin"/>
    <property name="user.language" value="ru"/>
    <property name="java.specification.vendor" value="Oracle Corporation"/>
    <property name="java.home" value="/Library/Java/JavaVirtualMachines/adoptopenjdk-8.jdk/Contents/Home/jre"/>
    <property name="basedir" value="/Users/Aleksandr_Neznahin/Documents/Проекты/RestAccount/rest-account"/>
    <property name="file.separator" value="/"/>
    <property name="line.separator" value="&#10;"/>
    <property name="java.vm.specification.vendor" value="Oracle Corporation"/>
    <property name="java.specification.name" value="Java Platform API Specification"/>
    <property name="java.awt.graphicsenv" value="sun.awt.CGraphicsEnvironment"/>
    <property name="surefire.real.class.path" value="/Users/Aleksandr_Neznahin/Documents/Проекты/RestAccount/rest-account/target/surefire/surefirebooter4165816407928165204.jar"/>
    <property name="sun.boot.class.path" value="/Library/Java/JavaVirtualMachines/adoptopenjdk-8.jdk/Contents/Home/jre/lib/resources.jar:/Library/Java/JavaVirtualMachines/adoptopenjdk-8.jdk/Contents/Home/jre/lib/rt.jar:/Library/Java/JavaVirtualMachines/adoptopenjdk-8.jdk/Contents/Home/jre/lib/sunrsasign.jar:/Library/Java/JavaVirtualMachines/adoptopenjdk-8.jdk/Contents/Home/jre/lib/jsse.jar:/Library/Java/JavaVirtualMachines/adoptopenjdk-8.jdk/Contents/Home/jre/lib/jce.jar:/Library/Java/JavaVirtualMachines/adoptopenjdk-8.jdk/Contents/Home/jre/lib/charsets.jar:/Library/Java/JavaVirtualMachines/adoptopenjdk-8.jdk/Contents/Home/jre/lib/jfr.jar:/Library/Java/JavaVirtualMachines/adoptopenjdk-8.jdk/Contents/Home/jre/classes"/>
    <property name="sun.management.compiler" value="HotSpot 64-Bit Tiered Compilers"/>
    <property name="ftp.nonProxyHosts" value="local|*.local|169.254/16|*.169.254/16"/>
    <property name="java.runtime.version" value="1.8.0_212-b03"/>
    <property name="user.name" value="Aleksandr_Neznahin"/>
    <property name="path.separator" value=":"/>
    <property name="os.version" value="10.10.5"/>
    <property name="java.endorsed.dirs" value="/Library/Java/JavaVirtualMachines/adoptopenjdk-8.jdk/Contents/Home/jre/lib/endorsed"/>
    <property name="java.runtime.name" value="OpenJDK Runtime Environment"/>
    <property name="file.encoding" value="UTF-8"/>
    <property name="java.vm.name" value="OpenJDK 64-Bit Server VM"/>
    <property name="localRepository" value="/Users/Aleksandr_Neznahin/.m2/repository"/>
    <property name="java.vendor.url.bug" value="http://bugreport.sun.com/bugreport/"/>
    <property name="java.io.tmpdir" value="/var/folders/yx/mmkhllq53w74n0lgq6vld2480000gr/T/"/>
    <property name="java.version" value="1.8.0_212"/>
    <property name="user.dir" value="/Users/Aleksandr_Neznahin/Documents/Проекты/RestAccount/rest-account"/>
    <property name="os.arch" value="x86_64"/>
    <property name="java.vm.specification.name" value="Java Virtual Machine Specification"/>
    <property name="java.awt.printerjob" value="sun.lwawt.macosx.CPrinterJob"/>
    <property name="sun.os.patch.level" value="unknown"/>
    <property name="java.library.path" value="/Users/Aleksandr_Neznahin/Library/Java/Extensions:/Library/Java/Extensions:/Network/Library/Java/Extensions:/System/Library/Java/Extensions:/usr/lib/java:."/>
    <property name="java.vm.info" value="mixed mode"/>
    <property name="java.vendor" value="AdoptOpenJDK"/>
    <property name="java.vm.version" value="25.212-b03"/>
    <property name="java.ext.dirs" value="/Users/Aleksandr_Neznahin/Library/Java/Extensions:/Library/Java/JavaVirtualMachines/adoptopenjdk-8.jdk/Contents/Home/jre/lib/ext:/Library/Java/Extensions:/Network/Library/Java/Extensions:/System/Library/Java/Extensions:/usr/lib/java"/>
    <property name="sun.io.unicode.encoding" value="UnicodeBig"/>
    <property name="java.class.version" value="52.0"/>
    <property name="socksNonProxyHosts" value="local|*.local|169.254/16|*.169.254/16"/>
  </properties>
  <testcase name="initializationError" classname="com.example.rest_account.HelloControllerTest" time="0.015">
    <error message="Failed to instantiate [org.springframework.test.context.web.WebDelegatingSmartContextLoader]: Constructor threw exception; nested exception is java.lang.IllegalStateException: Failed to enable support for Groovy scripts; could not load class: org.springframework.test.context.web.GenericGroovyXmlWebContextLoader" type="org.springframework.beans.BeanInstantiationException">org.springframework.beans.BeanInstantiationException: Failed to instantiate [org.springframework.test.context.web.WebDelegatingSmartContextLoader]: Constructor threw exception; nested exception is java.lang.IllegalStateException: Failed to enable support for Groovy scripts; could not load class: org.springframework.test.context.web.GenericGroovyXmlWebContextLoader
Caused by: java.lang.IllegalStateException: Failed to enable support for Groovy scripts; could not load class: org.springframework.test.context.web.GenericGroovyXmlWebContextLoader
Caused by: org.springframework.beans.BeanInstantiationException: Failed to instantiate [org.springframework.test.context.web.GenericGroovyXmlWebContextLoader]: Unresolvable class definition; nested exception is java.lang.NoClassDefFoundError: javax/servlet/ServletContext
Caused by: java.lang.NoClassDefFoundError: javax/servlet/ServletContext
Caused by: java.lang.ClassNotFoundException: javax.servlet.ServletContext
</error>
    <system-out><![CDATA[22:53:10.752 [main] DEBUG org.springframework.test.context.junit4.SpringJUnit4ClassRunner - SpringJUnit4ClassRunner constructor called with [class com.example.rest_account.HelloControllerTest]
22:53:10.764 [main] DEBUG org.springframework.test.context.BootstrapUtils - Instantiating CacheAwareContextLoaderDelegate from class [org.springframework.test.context.cache.DefaultCacheAwareContextLoaderDelegate]
22:53:10.773 [main] DEBUG org.springframework.test.context.BootstrapUtils - Instantiating BootstrapContext using constructor [public org.springframework.test.context.support.DefaultBootstrapContext(java.lang.Class,org.springframework.test.context.CacheAwareContextLoaderDelegate)]
22:53:10.801 [main] DEBUG org.springframework.test.context.BootstrapUtils - Instantiating TestContextBootstrapper for test class [com.example.rest_account.HelloControllerTest] from class [org.springframework.test.context.web.WebTestContextBootstrapper]
]]></system-out>
  </testcase>
</testsuite>